GAS LISTING printup.s 			page 1


   1              	/*
   2              	  printup.s: Assembly function converting a string to upper case.
   3              	
   4              	  Copyright (c) 2016 Walter Fetter Lages <w.fetter@ieee.org>
   5              	
   6              	    This program is free software; you can redistribute it and/or modify
   7              	    it under the terms of the GNU General Public License as published by
   8              	    the Free Software Foundation; either version 2 of the License, or
   9              	    (at your option) any later version.
  10              	
  11              	    This program is distributed in the hope that it will be useful,
  12              	    but WITHOUT ANY WARRANTY; without even the implied warranty of
  13              	    MERCHANTABILITY or FITNESS FOR A PARTICULAR PURPOSE.  See the
  14              	    GNU General Public License for more details.
  15              	
  16              	    You should have received a copy of the GNU General Public License
  17              	    along with this program; if not, write to the Free Software
  18              	    Foundation, Inc., 675 Mass Ave, Cambridge, MA 02139, USA.
  19              	
  20              	    You can also obtain a copy of the GNU General Public License
  21              	    at <http://www.gnu.org/licenses>.
  22              	*/
  23              	
  24              		.intel_syntax noprefix
  25              	
  26              		.text
  27              	    	.global  printup
  28              	
  29              	printup:
  30 0000 55       		push	ebp
  31 0001 89E5     		mov	ebp,esp
  32 0003 53       		push	ebx
  33 0004 57       		push	edi
  34 0005 56       		push	esi
  35              	
  36 0006 8B7D08   		mov	edi,[ebp+8]
  37 0009 89FE     		mov	esi,edi
  38 000b 31C9     		xor	ecx,ecx
  39              	
  40 000d B441     		mov	ah,'A
  41 000f 80F461   		xor	ah,'a
  42 0012 F6D4     		not	ah
  43 0014 FC       		cld
  44 0015 AC       	L1:	lods	al,byte ptr[esi]
  45 0016 20E0     		and	al,ah
  46 0018 7404     		jz	strend
  47 001a AA       		stos	byte ptr[edi],al
  48 001b 41       		inc	ecx
  49 001c EBF7     		jmp	L1
  50              	
  51              	strend:
  52              	
  53 001e 51       		push	ecx		# message length
  54 001f FF7508   		push	[ebp+8]		# pointer to message to write
  55              	
  56 0022 E8FCFFFF 		call	print
  56      FF
GAS LISTING printup.s 			page 2


  57 0027 6683C408 		add	sp,8
  58              	
  59 002b 5E       		pop	esi
  60 002c 5F       		pop	edi
  61 002d 5B       		pop	ebx
  62 002e 5D       		pop	ebp
  63 002f C3       		ret
GAS LISTING printup.s 			page 3


DEFINED SYMBOLS
           printup.s:29     .text:0000000000000000 printup
           printup.s:44     .text:0000000000000015 L1
           printup.s:51     .text:000000000000001e strend

UNDEFINED SYMBOLS
print
